2026-04-06 22:29:02,633 INFO run_pipeline - Logging to outputs\logs\pipeline.log
2026-04-06 22:29:02,634 INFO run_pipeline - Pipeline mode: FAST
2026-04-06 22:29:02,635 INFO run_pipeline - CSV path: data\training.1600000.processed.noemoticon.csv
2026-04-06 22:29:02,635 INFO run_pipeline - Artifacts dir: artifacts
2026-04-06 22:29:02,637 INFO run_pipeline - [1/7] Loading dataset (nrows=200000)
2026-04-06 22:29:03,269 INFO run_pipeline - Loaded rows: 200000
2026-04-06 22:29:03,270 INFO run_pipeline - [2/7] Preprocessing text (sample_nrows=20000)
2026-04-06 22:29:09,848 INFO run_pipeline - Saved preprocessed sample -> outputs\data\preprocessed_sample.csv
2026-04-06 22:29:09,849 INFO run_pipeline - [3/7] Training/loading TF-IDF sentiment model
2026-04-06 22:29:09,850 INFO api.services.sentiment - Loading sentiment model artifact: artifacts\sentiment_tfidf.joblib
2026-04-06 22:29:10,260 INFO run_pipeline - TF-IDF artifact ready: artifacts\sentiment_tfidf.joblib
2026-04-06 22:29:10,260 INFO run_pipeline - Evaluating TF-IDF model for metrics plot
2026-04-06 22:29:11,053 INFO run_pipeline - [4/7] BERT stage
2026-04-06 22:29:11,053 INFO run_pipeline - [BERT] Skipped (fast mode)
2026-04-06 22:29:11,054 INFO run_pipeline - [5/7] Trend detection
2026-04-06 22:29:11,054 INFO api.services.trends - Computing hashtag counts (freq=D, nrows=200000)
2026-04-06 22:29:13,348 INFO run_pipeline - Saved trends summary -> outputs\trends\trends_D.json
2026-04-06 22:29:13,360 INFO run_pipeline - Saved hashtag counts -> outputs\trends\hashtag_counts_D.csv
2026-04-06 22:29:13,361 INFO run_pipeline - [6/7] LSTM stage
2026-04-06 22:29:13,361 INFO run_pipeline - [LSTM] Skipped (fast mode)
2026-04-06 22:29:13,361 INFO run_pipeline - [7/7] Generating visualizations
2026-04-06 22:29:15,289 INFO run_pipeline - Saved metrics -> outputs\metrics\model_metrics.json
2026-04-06 22:29:15,289 INFO run_pipeline - ✅ Pipeline completed successfully
2026-04-06 22:36:17,181 INFO run_pipeline - Logging to outputs\logs\pipeline.log
2026-04-06 22:36:17,182 INFO run_pipeline - Pipeline mode: FULL
2026-04-06 22:36:17,182 INFO run_pipeline - CSV path: data\training.1600000.processed.noemoticon.csv
2026-04-06 22:36:17,183 INFO run_pipeline - Artifacts dir: artifacts
2026-04-06 22:36:17,184 INFO run_pipeline - [1/7] Loading dataset (nrows=200000)
2026-04-06 22:36:17,743 INFO run_pipeline - Loaded rows: 200000
2026-04-06 22:36:17,744 INFO run_pipeline - [2/7] Preprocessing text (sample_nrows=20000)
2026-04-06 22:36:23,548 INFO run_pipeline - Saved preprocessed sample -> outputs\data\preprocessed_sample.csv
2026-04-06 22:36:23,549 INFO run_pipeline - [3/7] Training/loading TF-IDF sentiment model
2026-04-06 22:36:23,549 INFO api.services.sentiment - Loading sentiment model artifact: artifacts\sentiment_tfidf.joblib
2026-04-06 22:36:23,850 INFO run_pipeline - TF-IDF artifact ready: artifacts\sentiment_tfidf.joblib
2026-04-06 22:36:23,850 INFO run_pipeline - Evaluating TF-IDF model for metrics plot
2026-04-06 22:36:24,537 INFO run_pipeline - [4/7] BERT stage
2026-04-06 22:36:34,135 INFO run_pipeline - [BERT] Device: cpu
2026-04-06 22:36:34,735 INFO run_pipeline - [BERT] Training new model (this can be slow on CPU)
2026-04-06 22:36:35,227 INFO httpx - HTTP Request: HEAD https://huggingface.co/google/bert_uncased_L-2_H-128_A-2/resolve/main/config.json "HTTP/1.1 307 Temporary Redirect"
2026-04-06 22:36:35,229 WARNING huggingface_hub.utils._http - Warning: You are sending unauthenticated requests to the HF Hub. Please set a HF_TOKEN to enable higher rate limits and faster downloads.
2026-04-06 22:36:35,241 INFO httpx - HTTP Request: HEAD https://huggingface.co/api/resolve-cache/models/google/bert_uncased_L-2_H-128_A-2/30b0a37ccaaa32f332884b96992754e246e48c5f/config.json "HTTP/1.1 200 OK"
2026-04-06 22:36:35,518 INFO httpx - HTTP Request: HEAD https://huggingface.co/google/bert_uncased_L-2_H-128_A-2/resolve/main/tokenizer_config.json "HTTP/1.1 404 Not Found"
2026-04-06 22:36:35,778 INFO httpx - HTTP Request: HEAD https://huggingface.co/google/bert_uncased_L-2_H-128_A-2/resolve/main/tokenizer_config.json "HTTP/1.1 404 Not Found"
2026-04-06 22:36:36,045 INFO httpx - HTTP Request: GET https://huggingface.co/api/models/google/bert_uncased_L-2_H-128_A-2/tree/main/additional_chat_templates?recursive=false&expand=false "HTTP/1.1 404 Not Found"
2026-04-06 22:36:36,311 INFO httpx - HTTP Request: GET https://huggingface.co/api/models/google/bert_uncased_L-2_H-128_A-2/tree/main?recursive=true&expand=false "HTTP/1.1 200 OK"
2026-04-06 22:36:36,567 INFO httpx - HTTP Request: HEAD https://huggingface.co/google/bert_uncased_L-2_H-128_A-2/resolve/main/vocab.txt "HTTP/1.1 307 Temporary Redirect"
2026-04-06 22:36:36,579 INFO httpx - HTTP Request: HEAD https://huggingface.co/api/resolve-cache/models/google/bert_uncased_L-2_H-128_A-2/30b0a37ccaaa32f332884b96992754e246e48c5f/vocab.txt "HTTP/1.1 200 OK"
2026-04-06 22:36:36,896 INFO httpx - HTTP Request: HEAD https://huggingface.co/google/bert_uncased_L-2_H-128_A-2/resolve/main/config.json "HTTP/1.1 307 Temporary Redirect"
2026-04-06 22:36:36,908 INFO httpx - HTTP Request: HEAD https://huggingface.co/api/resolve-cache/models/google/bert_uncased_L-2_H-128_A-2/30b0a37ccaaa32f332884b96992754e246e48c5f/config.json "HTTP/1.1 200 OK"
2026-04-06 22:38:17,260 INFO run_pipeline - [BERT] Saved artifact -> artifacts\bert_sentiment
2026-04-06 22:38:22,771 INFO run_pipeline - [BERT] Metrics saved -> outputs\metrics\bert_metrics.json
2026-04-06 22:38:22,772 INFO run_pipeline - [5/7] Trend detection
2026-04-06 22:38:22,772 INFO api.services.trends - Computing hashtag counts (freq=D, nrows=200000)
2026-04-06 22:38:25,135 INFO run_pipeline - Saved trends summary -> outputs\trends\trends_D.json
2026-04-06 22:38:25,143 INFO run_pipeline - Saved hashtag counts -> outputs\trends\hashtag_counts_D.csv
2026-04-06 22:38:25,143 INFO run_pipeline - [6/7] LSTM stage
2026-04-06 22:38:25,147 INFO api.services.forecast - Loading LSTM artifact: artifacts\hashtag_lstm.pt
2026-04-06 22:38:25,164 INFO run_pipeline - LSTM artifact ready: artifacts\hashtag_lstm.pt
2026-04-06 22:38:25,242 INFO run_pipeline - Saved sample forecast -> outputs\forecast\forecast.json
2026-04-06 22:38:25,244 INFO run_pipeline - [7/7] Generating visualizations
2026-04-06 22:38:26,514 INFO run_pipeline - Saved metrics -> outputs\metrics\model_metrics.json
2026-04-06 22:38:26,515 INFO run_pipeline - ✅ Pipeline completed successfully
